  Button.cpp
  Camera.cpp
  Destructable.cpp
  Field.cpp
c:\users\100657516\documents\cg\prototype_game\opengl_framework\opengl_framework\field.cpp(12): warning C4018: '<': signed/unsigned mismatch
c:\users\100657516\documents\cg\prototype_game\opengl_framework\opengl_framework\field.cpp(15): warning C4018: '<': signed/unsigned mismatch
c:\users\100657516\documents\cg\prototype_game\opengl_framework\opengl_framework\field.cpp(29): warning C4018: '<': signed/unsigned mismatch
c:\users\100657516\documents\cg\prototype_game\opengl_framework\opengl_framework\field.cpp(31): warning C4018: '<': signed/unsigned mismatch
c:\users\100657516\documents\cg\prototype_game\opengl_framework\opengl_framework\field.cpp(44): warning C4018: '<': signed/unsigned mismatch
c:\users\100657516\documents\cg\prototype_game\opengl_framework\opengl_framework\field.cpp(48): warning C4018: '<': signed/unsigned mismatch
c:\users\100657516\documents\cg\prototype_game\opengl_framework\opengl_framework\field.cpp(52): warning C4018: '<': signed/unsigned mismatch
c:\users\100657516\documents\cg\prototype_game\opengl_framework\opengl_framework\field.cpp(56): warning C4018: '<': signed/unsigned mismatch
c:\users\100657516\documents\cg\prototype_game\opengl_framework\opengl_framework\field.cpp(60): warning C4018: '<': signed/unsigned mismatch
c:\users\100657516\documents\cg\prototype_game\opengl_framework\opengl_framework\field.cpp(114): warning C4244: 'argument': conversion from 'unsigned int' to 'float', possible loss of data
c:\users\100657516\documents\cg\prototype_game\opengl_framework\opengl_framework\field.cpp(116): warning C4018: '<': signed/unsigned mismatch
c:\users\100657516\documents\cg\prototype_game\opengl_framework\opengl_framework\field.cpp(134): warning C4018: '<': signed/unsigned mismatch
c:\users\100657516\documents\cg\prototype_game\opengl_framework\opengl_framework\field.cpp(153): warning C4244: 'argument': conversion from 'int' to 'float', possible loss of data
c:\users\100657516\documents\cg\prototype_game\opengl_framework\opengl_framework\field.cpp(163): warning C4018: '<': signed/unsigned mismatch
c:\users\100657516\documents\cg\prototype_game\opengl_framework\opengl_framework\field.cpp(186): warning C4244: 'argument': conversion from 'int' to 'float', possible loss of data
  Game.cpp
c:\users\100657516\documents\cg\prototype_game\opengl_framework\opengl_framework\game.cpp(34): warning C4018: '<': signed/unsigned mismatch
c:\users\100657516\documents\cg\prototype_game\opengl_framework\opengl_framework\game.cpp(42): warning C4018: '<': signed/unsigned mismatch
c:\users\100657516\documents\cg\prototype_game\opengl_framework\opengl_framework\game.cpp(50): warning C4018: '<': signed/unsigned mismatch
c:\users\100657516\documents\cg\prototype_game\opengl_framework\opengl_framework\game.cpp(58): warning C4018: '<': signed/unsigned mismatch
c:\users\100657516\documents\cg\prototype_game\opengl_framework\opengl_framework\game.cpp(66): warning C4018: '<': signed/unsigned mismatch
c:\users\100657516\documents\cg\prototype_game\opengl_framework\opengl_framework\game.cpp(74): warning C4018: '<': signed/unsigned mismatch
c:\users\100657516\documents\cg\prototype_game\opengl_framework\opengl_framework\game.cpp(82): warning C4018: '<': signed/unsigned mismatch
c:\users\100657516\documents\cg\prototype_game\opengl_framework\opengl_framework\game.cpp(90): warning C4018: '<': signed/unsigned mismatch
c:\users\100657516\documents\cg\prototype_game\opengl_framework\opengl_framework\game.cpp(128): warning C4018: '<': signed/unsigned mismatch
c:\users\100657516\documents\cg\prototype_game\opengl_framework\opengl_framework\game.cpp(315): warning C4244: 'argument': conversion from 'float' to 'unsigned int', possible loss of data
c:\users\100657516\documents\cg\prototype_game\opengl_framework\opengl_framework\game.cpp(323): warning C4244: 'argument': conversion from 'float' to 'unsigned int', possible loss of data
c:\users\100657516\documents\cg\prototype_game\opengl_framework\opengl_framework\game.cpp(339): warning C4244: 'argument': conversion from 'double' to 'float', possible loss of data
c:\users\100657516\documents\cg\prototype_game\opengl_framework\opengl_framework\game.cpp(397): warning C4018: '<': signed/unsigned mismatch
c:\users\100657516\documents\cg\prototype_game\opengl_framework\opengl_framework\game.cpp(405): warning C4018: '<': signed/unsigned mismatch
c:\users\100657516\documents\cg\prototype_game\opengl_framework\opengl_framework\game.cpp(428): warning C4244: 'argument': conversion from 'double' to 'float', possible loss of data
c:\users\100657516\documents\cg\prototype_game\opengl_framework\opengl_framework\game.cpp(431): warning C4244: '=': conversion from 'float' to 'int', possible loss of data
c:\users\100657516\documents\cg\prototype_game\opengl_framework\opengl_framework\game.cpp(432): warning C4244: '=': conversion from 'float' to 'int', possible loss of data
c:\users\100657516\documents\cg\prototype_game\opengl_framework\opengl_framework\game.cpp(458): warning C4018: '<': signed/unsigned mismatch
c:\users\100657516\documents\cg\prototype_game\opengl_framework\opengl_framework\game.cpp(537): warning C4244: 'argument': conversion from 'double' to 'float', possible loss of data
c:\users\100657516\documents\cg\prototype_game\opengl_framework\opengl_framework\game.cpp(535): warning C4244: 'argument': conversion from 'double' to 'float', possible loss of data
c:\users\100657516\documents\cg\prototype_game\opengl_framework\opengl_framework\game.cpp(587): warning C4018: '<': signed/unsigned mismatch
c:\users\100657516\documents\cg\prototype_game\opengl_framework\opengl_framework\game.cpp(703): warning C4018: '<': signed/unsigned mismatch
c:\users\100657516\documents\cg\prototype_game\opengl_framework\opengl_framework\game.cpp(712): warning C4018: '<': signed/unsigned mismatch
c:\users\100657516\documents\cg\prototype_game\opengl_framework\opengl_framework\game.cpp(722): warning C4018: '<': signed/unsigned mismatch
c:\users\100657516\documents\cg\prototype_game\opengl_framework\opengl_framework\game.cpp(726): warning C4018: '<': signed/unsigned mismatch
c:\users\100657516\documents\cg\prototype_game\opengl_framework\opengl_framework\game.cpp(739): warning C4018: '<': signed/unsigned mismatch
c:\users\100657516\documents\cg\prototype_game\opengl_framework\opengl_framework\game.cpp(829): warning C4244: 'initializing': conversion from 'float' to 'int', possible loss of data
c:\users\100657516\documents\cg\prototype_game\opengl_framework\opengl_framework\game.cpp(831): warning C4244: 'initializing': conversion from 'float' to 'int', possible loss of data
c:\users\100657516\documents\cg\prototype_game\opengl_framework\opengl_framework\game.cpp(837): warning C4018: '<': signed/unsigned mismatch
c:\users\100657516\documents\cg\prototype_game\opengl_framework\opengl_framework\game.cpp(855): warning C4018: '<': signed/unsigned mismatch
c:\users\100657516\documents\cg\prototype_game\opengl_framework\opengl_framework\game.cpp(885): warning C4018: '<': signed/unsigned mismatch
c:\users\100657516\documents\cg\prototype_game\opengl_framework\opengl_framework\game.cpp(898): warning C4018: '<': signed/unsigned mismatch
c:\users\100657516\documents\cg\prototype_game\opengl_framework\opengl_framework\game.cpp(977): warning C4018: '<': signed/unsigned mismatch
c:\users\100657516\documents\cg\prototype_game\opengl_framework\opengl_framework\game.cpp(1122): warning C4244: '=': conversion from 'int' to 'float', possible loss of data
c:\users\100657516\documents\cg\prototype_game\opengl_framework\opengl_framework\game.cpp(1123): warning C4244: '=': conversion from 'int' to 'float', possible loss of data
c:\users\100657516\documents\cg\prototype_game\opengl_framework\opengl_framework\game.cpp(1131): warning C4018: '<': signed/unsigned mismatch
c:\users\100657516\documents\cg\prototype_game\opengl_framework\opengl_framework\game.cpp(1233): warning C4018: '<': signed/unsigned mismatch
c:\users\100657516\documents\cg\prototype_game\opengl_framework\opengl_framework\game.cpp(1272): warning C4018: '<': signed/unsigned mismatch
c:\users\100657516\documents\cg\prototype_game\opengl_framework\opengl_framework\game.cpp(1306): warning C4018: '<': signed/unsigned mismatch
c:\users\100657516\documents\cg\prototype_game\opengl_framework\opengl_framework\game.cpp(1360): warning C4018: '<': signed/unsigned mismatch
c:\users\100657516\documents\cg\prototype_game\opengl_framework\opengl_framework\game.cpp(1385): warning C4018: '<': signed/unsigned mismatch
c:\users\100657516\documents\cg\prototype_game\opengl_framework\opengl_framework\game.cpp(1472): warning C4018: '<': signed/unsigned mismatch
c:\users\100657516\documents\cg\prototype_game\opengl_framework\opengl_framework\game.cpp(1489): warning C4018: '<': signed/unsigned mismatch
c:\users\100657516\documents\cg\prototype_game\opengl_framework\opengl_framework\game.cpp(1556): warning C4018: '<': signed/unsigned mismatch
c:\users\100657516\documents\cg\prototype_game\opengl_framework\opengl_framework\game.cpp(1567): warning C4018: '<': signed/unsigned mismatch
c:\users\100657516\documents\cg\prototype_game\opengl_framework\opengl_framework\game.cpp(1587): warning C4018: '<': signed/unsigned mismatch
c:\users\100657516\documents\cg\prototype_game\opengl_framework\opengl_framework\game.cpp(1598): warning C4018: '<': signed/unsigned mismatch
c:\users\100657516\documents\cg\prototype_game\opengl_framework\opengl_framework\game.cpp(1633): warning C4018: '<': signed/unsigned mismatch
c:\users\100657516\documents\cg\prototype_game\opengl_framework\opengl_framework\game.cpp(1642): warning C4018: '<': signed/unsigned mismatch
c:\users\100657516\documents\cg\prototype_game\opengl_framework\opengl_framework\game.cpp(1787): warning C4018: '<': signed/unsigned mismatch
c:\users\100657516\documents\cg\prototype_game\opengl_framework\opengl_framework\game.cpp(1804): warning C4018: '<': signed/unsigned mismatch
c:\users\100657516\documents\cg\prototype_game\opengl_framework\opengl_framework\game.cpp(1871): warning C4018: '<': signed/unsigned mismatch
c:\users\100657516\documents\cg\prototype_game\opengl_framework\opengl_framework\game.cpp(1882): warning C4018: '<': signed/unsigned mismatch
c:\users\100657516\documents\cg\prototype_game\opengl_framework\opengl_framework\game.cpp(1899): warning C4018: '<': signed/unsigned mismatch
c:\users\100657516\documents\cg\prototype_game\opengl_framework\opengl_framework\game.cpp(1910): warning C4018: '<': signed/unsigned mismatch
c:\users\100657516\documents\cg\prototype_game\opengl_framework\opengl_framework\game.cpp(1951): warning C4018: '<': signed/unsigned mismatch
c:\users\100657516\documents\cg\prototype_game\opengl_framework\opengl_framework\game.cpp(1968): warning C4018: '<': signed/unsigned mismatch
c:\users\100657516\documents\cg\prototype_game\opengl_framework\opengl_framework\game.cpp(2040): warning C4018: '<': signed/unsigned mismatch
c:\users\100657516\documents\cg\prototype_game\opengl_framework\opengl_framework\game.cpp(2052): warning C4018: '<': signed/unsigned mismatch
c:\users\100657516\documents\cg\prototype_game\opengl_framework\opengl_framework\game.cpp(2069): warning C4018: '<': signed/unsigned mismatch
c:\users\100657516\documents\cg\prototype_game\opengl_framework\opengl_framework\game.cpp(2080): warning C4018: '<': signed/unsigned mismatch
  Object.cpp
c:\users\100657516\documents\cg\prototype_game\opengl_framework\opengl_framework\object.cpp(11): warning C4018: '<': signed/unsigned mismatch
c:\users\100657516\documents\cg\prototype_game\opengl_framework\opengl_framework\object.cpp(90): warning C4018: '<': signed/unsigned mismatch
c:\users\100657516\documents\cg\prototype_game\opengl_framework\opengl_framework\object.cpp(125): warning C4018: '<': signed/unsigned mismatch
c:\users\100657516\documents\cg\prototype_game\opengl_framework\opengl_framework\object.cpp(154): warning C4018: '<': signed/unsigned mismatch
c:\users\100657516\documents\cg\prototype_game\opengl_framework\opengl_framework\object.cpp(175): warning C4018: '>=': signed/unsigned mismatch
c:\users\100657516\documents\cg\prototype_game\opengl_framework\opengl_framework\object.cpp(187): warning C4018: '<': signed/unsigned mismatch
  Player.cpp
  Section.cpp
  TEMPLATE_SCENE.cpp
  UIelement.cpp
  main.cpp
  Generating Code...
  OpenGL_Framework.vcxproj -> C:\Users\100657516\Documents\CG\PROTOTYPE_GAME\OpenGL_Framework\Debug\OpenGL_Framework.exe
