  Game.cpp
c:\users\100657516\documents\y2s2 loaner\gdw things\loaner backup (hopefully)\loaner backup (hopefully)\game.cpp(34): warning C4018: '<': signed/unsigned mismatch
c:\users\100657516\documents\y2s2 loaner\gdw things\loaner backup (hopefully)\loaner backup (hopefully)\game.cpp(42): warning C4018: '<': signed/unsigned mismatch
c:\users\100657516\documents\y2s2 loaner\gdw things\loaner backup (hopefully)\loaner backup (hopefully)\game.cpp(50): warning C4018: '<': signed/unsigned mismatch
c:\users\100657516\documents\y2s2 loaner\gdw things\loaner backup (hopefully)\loaner backup (hopefully)\game.cpp(58): warning C4018: '<': signed/unsigned mismatch
c:\users\100657516\documents\y2s2 loaner\gdw things\loaner backup (hopefully)\loaner backup (hopefully)\game.cpp(66): warning C4018: '<': signed/unsigned mismatch
c:\users\100657516\documents\y2s2 loaner\gdw things\loaner backup (hopefully)\loaner backup (hopefully)\game.cpp(74): warning C4018: '<': signed/unsigned mismatch
c:\users\100657516\documents\y2s2 loaner\gdw things\loaner backup (hopefully)\loaner backup (hopefully)\game.cpp(82): warning C4018: '<': signed/unsigned mismatch
c:\users\100657516\documents\y2s2 loaner\gdw things\loaner backup (hopefully)\loaner backup (hopefully)\game.cpp(90): warning C4018: '<': signed/unsigned mismatch
c:\users\100657516\documents\y2s2 loaner\gdw things\loaner backup (hopefully)\loaner backup (hopefully)\game.cpp(138): warning C4018: '<': signed/unsigned mismatch
c:\users\100657516\documents\y2s2 loaner\gdw things\loaner backup (hopefully)\loaner backup (hopefully)\game.cpp(149): warning C4018: '<': signed/unsigned mismatch
c:\users\100657516\documents\y2s2 loaner\gdw things\loaner backup (hopefully)\loaner backup (hopefully)\game.cpp(393): warning C4244: 'argument': conversion from 'double' to 'float', possible loss of data
c:\users\100657516\documents\y2s2 loaner\gdw things\loaner backup (hopefully)\loaner backup (hopefully)\game.cpp(422): warning C4244: 'argument': conversion from 'int' to 'float', possible loss of data
c:\users\100657516\documents\y2s2 loaner\gdw things\loaner backup (hopefully)\loaner backup (hopefully)\game.cpp(451): warning C4018: '<': signed/unsigned mismatch
c:\users\100657516\documents\y2s2 loaner\gdw things\loaner backup (hopefully)\loaner backup (hopefully)\game.cpp(461): warning C4018: '<': signed/unsigned mismatch
c:\users\100657516\documents\y2s2 loaner\gdw things\loaner backup (hopefully)\loaner backup (hopefully)\game.cpp(484): warning C4244: 'argument': conversion from 'double' to 'float', possible loss of data
c:\users\100657516\documents\y2s2 loaner\gdw things\loaner backup (hopefully)\loaner backup (hopefully)\game.cpp(487): warning C4244: '=': conversion from 'float' to 'int', possible loss of data
c:\users\100657516\documents\y2s2 loaner\gdw things\loaner backup (hopefully)\loaner backup (hopefully)\game.cpp(488): warning C4244: '=': conversion from 'float' to 'int', possible loss of data
c:\users\100657516\documents\y2s2 loaner\gdw things\loaner backup (hopefully)\loaner backup (hopefully)\game.cpp(514): warning C4018: '<': signed/unsigned mismatch
c:\users\100657516\documents\y2s2 loaner\gdw things\loaner backup (hopefully)\loaner backup (hopefully)\game.cpp(593): warning C4244: 'argument': conversion from 'double' to 'float', possible loss of data
c:\users\100657516\documents\y2s2 loaner\gdw things\loaner backup (hopefully)\loaner backup (hopefully)\game.cpp(591): warning C4244: 'argument': conversion from 'double' to 'float', possible loss of data
c:\users\100657516\documents\y2s2 loaner\gdw things\loaner backup (hopefully)\loaner backup (hopefully)\game.cpp(624): warning C4244: 'argument': conversion from 'int' to 'float', possible loss of data
c:\users\100657516\documents\y2s2 loaner\gdw things\loaner backup (hopefully)\loaner backup (hopefully)\game.cpp(651): warning C4018: '<': signed/unsigned mismatch
c:\users\100657516\documents\y2s2 loaner\gdw things\loaner backup (hopefully)\loaner backup (hopefully)\game.cpp(770): warning C4018: '<': signed/unsigned mismatch
c:\users\100657516\documents\y2s2 loaner\gdw things\loaner backup (hopefully)\loaner backup (hopefully)\game.cpp(779): warning C4018: '<': signed/unsigned mismatch
c:\users\100657516\documents\y2s2 loaner\gdw things\loaner backup (hopefully)\loaner backup (hopefully)\game.cpp(834): warning C4018: '<': signed/unsigned mismatch
c:\users\100657516\documents\y2s2 loaner\gdw things\loaner backup (hopefully)\loaner backup (hopefully)\game.cpp(838): warning C4018: '<': signed/unsigned mismatch
c:\users\100657516\documents\y2s2 loaner\gdw things\loaner backup (hopefully)\loaner backup (hopefully)\game.cpp(851): warning C4018: '<': signed/unsigned mismatch
c:\users\100657516\documents\y2s2 loaner\gdw things\loaner backup (hopefully)\loaner backup (hopefully)\game.cpp(971): warning C4244: 'initializing': conversion from 'float' to 'int', possible loss of data
c:\users\100657516\documents\y2s2 loaner\gdw things\loaner backup (hopefully)\loaner backup (hopefully)\game.cpp(973): warning C4244: 'initializing': conversion from 'float' to 'int', possible loss of data
c:\users\100657516\documents\y2s2 loaner\gdw things\loaner backup (hopefully)\loaner backup (hopefully)\game.cpp(991): warning C4018: '<': signed/unsigned mismatch
c:\users\100657516\documents\y2s2 loaner\gdw things\loaner backup (hopefully)\loaner backup (hopefully)\game.cpp(1021): warning C4018: '<': signed/unsigned mismatch
c:\users\100657516\documents\y2s2 loaner\gdw things\loaner backup (hopefully)\loaner backup (hopefully)\game.cpp(1083): warning C4018: '<': signed/unsigned mismatch
c:\users\100657516\documents\y2s2 loaner\gdw things\loaner backup (hopefully)\loaner backup (hopefully)\game.cpp(1096): warning C4018: '<': signed/unsigned mismatch
c:\users\100657516\documents\y2s2 loaner\gdw things\loaner backup (hopefully)\loaner backup (hopefully)\game.cpp(1112): warning C4018: '<': signed/unsigned mismatch
c:\users\100657516\documents\y2s2 loaner\gdw things\loaner backup (hopefully)\loaner backup (hopefully)\game.cpp(1128): warning C4018: '<': signed/unsigned mismatch
c:\users\100657516\documents\y2s2 loaner\gdw things\loaner backup (hopefully)\loaner backup (hopefully)\game.cpp(1146): warning C4244: 'argument': conversion from 'int' to 'float', possible loss of data
c:\users\100657516\documents\y2s2 loaner\gdw things\loaner backup (hopefully)\loaner backup (hopefully)\game.cpp(1233): warning C4018: '<': signed/unsigned mismatch
c:\users\100657516\documents\y2s2 loaner\gdw things\loaner backup (hopefully)\loaner backup (hopefully)\game.cpp(1378): warning C4244: '=': conversion from 'int' to 'float', possible loss of data
c:\users\100657516\documents\y2s2 loaner\gdw things\loaner backup (hopefully)\loaner backup (hopefully)\game.cpp(1379): warning C4244: '=': conversion from 'int' to 'float', possible loss of data
c:\users\100657516\documents\y2s2 loaner\gdw things\loaner backup (hopefully)\loaner backup (hopefully)\game.cpp(1387): warning C4018: '<': signed/unsigned mismatch
c:\users\100657516\documents\y2s2 loaner\gdw things\loaner backup (hopefully)\loaner backup (hopefully)\game.cpp(1411): warning C4018: '<': signed/unsigned mismatch
c:\users\100657516\documents\y2s2 loaner\gdw things\loaner backup (hopefully)\loaner backup (hopefully)\game.cpp(1418): warning C4018: '<': signed/unsigned mismatch
c:\users\100657516\documents\y2s2 loaner\gdw things\loaner backup (hopefully)\loaner backup (hopefully)\game.cpp(1564): warning C4018: '<': signed/unsigned mismatch
c:\users\100657516\documents\y2s2 loaner\gdw things\loaner backup (hopefully)\loaner backup (hopefully)\game.cpp(1598): warning C4018: '<': signed/unsigned mismatch
c:\users\100657516\documents\y2s2 loaner\gdw things\loaner backup (hopefully)\loaner backup (hopefully)\game.cpp(1652): warning C4018: '<': signed/unsigned mismatch
c:\users\100657516\documents\y2s2 loaner\gdw things\loaner backup (hopefully)\loaner backup (hopefully)\game.cpp(1677): warning C4018: '<': signed/unsigned mismatch
c:\users\100657516\documents\y2s2 loaner\gdw things\loaner backup (hopefully)\loaner backup (hopefully)\game.cpp(1765): warning C4018: '<': signed/unsigned mismatch
c:\users\100657516\documents\y2s2 loaner\gdw things\loaner backup (hopefully)\loaner backup (hopefully)\game.cpp(1782): warning C4018: '<': signed/unsigned mismatch
c:\users\100657516\documents\y2s2 loaner\gdw things\loaner backup (hopefully)\loaner backup (hopefully)\game.cpp(1849): warning C4018: '<': signed/unsigned mismatch
c:\users\100657516\documents\y2s2 loaner\gdw things\loaner backup (hopefully)\loaner backup (hopefully)\game.cpp(1860): warning C4018: '<': signed/unsigned mismatch
c:\users\100657516\documents\y2s2 loaner\gdw things\loaner backup (hopefully)\loaner backup (hopefully)\game.cpp(1882): warning C4018: '<': signed/unsigned mismatch
c:\users\100657516\documents\y2s2 loaner\gdw things\loaner backup (hopefully)\loaner backup (hopefully)\game.cpp(1893): warning C4018: '<': signed/unsigned mismatch
c:\users\100657516\documents\y2s2 loaner\gdw things\loaner backup (hopefully)\loaner backup (hopefully)\game.cpp(1928): warning C4018: '<': signed/unsigned mismatch
c:\users\100657516\documents\y2s2 loaner\gdw things\loaner backup (hopefully)\loaner backup (hopefully)\game.cpp(1937): warning C4018: '<': signed/unsigned mismatch
c:\users\100657516\documents\y2s2 loaner\gdw things\loaner backup (hopefully)\loaner backup (hopefully)\game.cpp(2084): warning C4018: '<': signed/unsigned mismatch
c:\users\100657516\documents\y2s2 loaner\gdw things\loaner backup (hopefully)\loaner backup (hopefully)\game.cpp(2101): warning C4018: '<': signed/unsigned mismatch
c:\users\100657516\documents\y2s2 loaner\gdw things\loaner backup (hopefully)\loaner backup (hopefully)\game.cpp(2168): warning C4018: '<': signed/unsigned mismatch
c:\users\100657516\documents\y2s2 loaner\gdw things\loaner backup (hopefully)\loaner backup (hopefully)\game.cpp(2179): warning C4018: '<': signed/unsigned mismatch
c:\users\100657516\documents\y2s2 loaner\gdw things\loaner backup (hopefully)\loaner backup (hopefully)\game.cpp(2199): warning C4018: '<': signed/unsigned mismatch
c:\users\100657516\documents\y2s2 loaner\gdw things\loaner backup (hopefully)\loaner backup (hopefully)\game.cpp(2210): warning C4018: '<': signed/unsigned mismatch
c:\users\100657516\documents\y2s2 loaner\gdw things\loaner backup (hopefully)\loaner backup (hopefully)\game.cpp(2251): warning C4018: '<': signed/unsigned mismatch
c:\users\100657516\documents\y2s2 loaner\gdw things\loaner backup (hopefully)\loaner backup (hopefully)\game.cpp(2268): warning C4018: '<': signed/unsigned mismatch
c:\users\100657516\documents\y2s2 loaner\gdw things\loaner backup (hopefully)\loaner backup (hopefully)\game.cpp(2340): warning C4018: '<': signed/unsigned mismatch
c:\users\100657516\documents\y2s2 loaner\gdw things\loaner backup (hopefully)\loaner backup (hopefully)\game.cpp(2352): warning C4018: '<': signed/unsigned mismatch
c:\users\100657516\documents\y2s2 loaner\gdw things\loaner backup (hopefully)\loaner backup (hopefully)\game.cpp(2371): warning C4018: '<': signed/unsigned mismatch
c:\users\100657516\documents\y2s2 loaner\gdw things\loaner backup (hopefully)\loaner backup (hopefully)\game.cpp(2382): warning C4018: '<': signed/unsigned mismatch
LINK : warning LNK4098: defaultlib 'LIBCMTD' conflicts with use of other libs; use /NODEFAULTLIB:library
  Generating code
  1 of 1777 functions (<0.1%) were compiled, the rest were copied from previous compilation.
    0 functions were new in current compilation
    0 functions had inline decision re-evaluated but remain unchanged
  Finished generating code
  Loaner Backup (Hopefully).vcxproj -> C:\Users\100657516\Documents\Y2S2 loaner\GDW things\Loaner Backup (Hopefully)\Release\Loaner Backup (Hopefully).exe
