  BasePlate.cpp
  Boundary.cpp
  Camera.cpp
  Destructable.cpp
  Field.cpp
  Game.cpp
  GameObject.cpp
  main.cpp
  oFrame.cpp
  Player.cpp
  ResourceManager.cpp
  ShaderProgram.cpp
  Weapon.cpp
  WEAPON_Hammer.cpp
  WEAPON_Mine.cpp
  Generating code
  113 of 3875 functions ( 2.9%) were compiled, the rest were copied from previous compilation.
    49 functions were new in current compilation
    63 functions had inline decision re-evaluated but remain unchanged
  Finished generating code
  OpenGL_Framework.vcxproj -> C:\Users\100657516\Documents\Y2S2 loaner\Intermediate CG\Potential Candidate For Framework\INFR 2350\ReleaseLog\OpenGL_Framework.exe
