  BasePlate.cpp
  Boundary.cpp
  Camera.cpp
  Destructable.cpp
  Field.cpp
  Framebuffer.cpp
  Game.cpp
  GameObject.cpp
  HITBOX2D.cpp
  imgui.cpp
  imgui_demo.cpp
  imgui_draw.cpp
  imgui_impl.cpp
  IO.cpp
  Light.cpp
  main.cpp
  Mesh.cpp
  PhysicsBody.cpp
  Player.cpp
  ResourceManager.cpp
  Compiling...
  ShaderProgram.cpp
  Texture.cpp
  TextureCube.cpp
  Timer.cpp
  Transform.cpp
  UI.cpp
  UniformBuffer.cpp
  VertexBufferObject.cpp
  Weapon.cpp
  WEAPON_Hammer.cpp
  WEAPON_Mine.cpp
  Generating code
  All 3629 functions were compiled because no usable IPDB/IOBJ from previous compilation was found.
  Finished generating code
  OpenGL_Framework.vcxproj -> C:\Users\100657516\Documents\Y2S2 loaner\Intermediate CG\Potential Candidate For Framework\INFR 2350\Release\OpenGL_Framework.exe
